\BOOKMARK [1][-]{section.1}{Introduction}{}% 1
\BOOKMARK [1][-]{section.2}{Data and MC samples}{}% 2
\BOOKMARK [2][-]{subsection.2.1}{Data samples}{section.2}% 3
\BOOKMARK [2][-]{subsection.2.2}{MC samples}{section.2}% 4
\BOOKMARK [3][-]{subsubsection.2.2.1}{Signal samples}{subsection.2.2}% 5
\BOOKMARK [3][-]{subsubsection.2.2.2}{Background MC samples}{subsection.2.2}% 6
\BOOKMARK [1][-]{section.3}{Data reprocessing}{}% 7
\BOOKMARK [2][-]{subsection.3.1}{Event preselection}{section.3}% 8
\BOOKMARK [2][-]{subsection.3.2}{Reconstruction}{section.3}% 9
\BOOKMARK [3][-]{subsubsection.3.2.1}{Large radius tracking}{subsection.3.2}% 10
\BOOKMARK [3][-]{subsubsection.3.2.2}{Lepton reconstruction and identification}{subsection.3.2}% 11
\BOOKMARK [3][-]{subsubsection.3.2.3}{Secondary vertex reconstruction}{subsection.3.2}% 12
\BOOKMARK [1][-]{section.4}{Signal selection}{}% 13
\BOOKMARK [2][-]{subsection.4.1}{Event selection}{section.4}% 14
\BOOKMARK [2][-]{subsection.4.2}{Muon and electron requirements}{section.4}% 15
\BOOKMARK [2][-]{subsection.4.3}{Vertex selection}{section.4}% 16
\BOOKMARK [1][-]{section.5}{Signal efficiency}{}% 17
\BOOKMARK [1][-]{section.6}{Trigger efficiency}{}% 18
\BOOKMARK [1][-]{section.7}{Lepton reconstruction efficiency}{}% 19
\BOOKMARK [1][-]{section.8}{Overall reconstruction efficiency}{}% 20
\BOOKMARK [2][-]{subsection.8.1}{Event and vertex cut flow}{section.8}% 21
\BOOKMARK [2][-]{subsection.8.2}{Efficiency distribution}{section.8}% 22
\BOOKMARK [2][-]{subsection.8.3}{Efficiency reweighting}{section.8}% 23
\BOOKMARK [1][-]{section.9}{Background estimation}{}% 24
\BOOKMARK [2][-]{subsection.9.1}{Random-crossing background}{section.9}% 25
\BOOKMARK [3][-]{subsubsection.9.1.1}{MC study}{subsection.9.1}% 26
\BOOKMARK [3][-]{subsubsection.9.1.2}{Estimating random-crossing background with data sample}{subsection.9.1}% 27
\BOOKMARK [3][-]{subsubsection.9.1.3}{Systematic uncertainty in the track flipping method}{subsection.9.1}% 28
\BOOKMARK [2][-]{subsection.9.2}{Cosmic background}{section.9}% 29
\BOOKMARK [2][-]{subsection.9.3}{Low-mass background}{section.9}% 30
\BOOKMARK [1][-]{section.10}{Systematic uncertainties}{}% 31
\BOOKMARK [2][-]{subsection.10.1}{Systematic uncertainties on tracking and vertexing efficiency}{section.10}% 32
\BOOKMARK [3][-]{subsubsection.10.1.1}{Data and MC comparison}{subsection.10.1}% 33
\BOOKMARK [2][-]{subsection.10.2}{Systematic uncertainties on lepton identification}{section.10}% 34
\BOOKMARK [2][-]{subsection.10.3}{Systematic uncertainties on trigger efficiency}{section.10}% 35
\BOOKMARK [1][-]{section.11}{Results}{}% 36
\BOOKMARK [1][-]{section.12}{Conclusion}{}% 37
\BOOKMARK [-1][-]{part*.32}{Appendices}{}% 38
\BOOKMARK [0][-]{appendix.A}{Truth-level pT and \040distributions of Signal MC samples}{part*.32}% 39
\BOOKMARK [1][-]{appendix.B}{KS yields in data and MC samples used for tracking and vertexing systematic uncertainties}{appendix.A}% 40
\BOOKMARK [1][-]{appendix.C}{KS and Z' comparison}{appendix.A}% 41
\BOOKMARK [1][-]{appendix.D}{Track flipping extrapolation method}{appendix.A}% 42
\BOOKMARK [2][-]{subsection.D.1}{Extrapolation from control region}{appendix.D}% 43
\BOOKMARK [2][-]{subsection.D.2}{Extrapolation from validation region}{appendix.D}% 44
\BOOKMARK [2][-]{subsection.D.3}{Scale factors}{appendix.D}% 45
